0 info it worked if it ends with ok
1 verbose cli [ '/Users/torbjorn/.nvm/versions/node/v6.9.4/bin/node',
1 verbose cli   '/Users/torbjorn/.nvm/versions/node/v6.9.4/bin/npm',
1 verbose cli   'start' ]
2 info using npm@3.10.10
3 info using node@v6.9.4
4 verbose run-script [ 'prestart', 'start', 'poststart' ]
5 info lifecycle widgets-hello-world@1.0.0~prestart: widgets-hello-world@1.0.0
6 silly lifecycle widgets-hello-world@1.0.0~prestart: no script for prestart, continuing
7 info lifecycle widgets-hello-world@1.0.0~start: widgets-hello-world@1.0.0
8 verbose lifecycle widgets-hello-world@1.0.0~start: unsafe-perm in lifecycle true
9 verbose lifecycle widgets-hello-world@1.0.0~start: PATH: /Users/torbjorn/.nvm/versions/node/v6.9.4/lib/node_modules/npm/bin/node-gyp-bin:/Users/torbjorn/Documents/Projects/quota/node_modules/.bin:/Users/torbjorn/.rvm/gems/ruby-2.1.6/bin:/Users/torbjorn/.rvm/gems/ruby-2.1.6@global/bin:/Users/torbjorn/.rvm/rubies/ruby-2.1.6/bin:/usr/local/opt/openssl/bin:~/.rvm/rubies/ruby-2.4.0/bin:/Users/torbjorn/.nvm/versions/node/v6.9.4/bin:/usr/local/opts/openssl/bin:/usr/local/bin:/usr/bin:/bin:/usr/sbin:/sbin:/opt/X11/bin:/Users/torbjorn/.rvm/bin
10 verbose lifecycle widgets-hello-world@1.0.0~start: CWD: /Users/torbjorn/Documents/Projects/quota
11 silly lifecycle widgets-hello-world@1.0.0~start: Args: [ '-c',
11 silly lifecycle   'node start.js --open --dir public --serve application.js -- -p browserify-hmr' ]
12 silly lifecycle widgets-hello-world@1.0.0~start: Returned: code: 1  signal: null
13 info lifecycle widgets-hello-world@1.0.0~start: Failed to exec start script
14 verbose stack Error: widgets-hello-world@1.0.0 start: `node start.js --open --dir public --serve application.js -- -p browserify-hmr`
14 verbose stack Exit status 1
14 verbose stack     at EventEmitter.<anonymous> (/Users/torbjorn/.nvm/versions/node/v6.9.4/lib/node_modules/npm/lib/utils/lifecycle.js:255:16)
14 verbose stack     at emitTwo (events.js:106:13)
14 verbose stack     at EventEmitter.emit (events.js:191:7)
14 verbose stack     at ChildProcess.<anonymous> (/Users/torbjorn/.nvm/versions/node/v6.9.4/lib/node_modules/npm/lib/utils/spawn.js:40:14)
14 verbose stack     at emitTwo (events.js:106:13)
14 verbose stack     at ChildProcess.emit (events.js:191:7)
14 verbose stack     at maybeClose (internal/child_process.js:877:16)
14 verbose stack     at Process.ChildProcess._handle.onexit (internal/child_process.js:226:5)
15 verbose pkgid widgets-hello-world@1.0.0
16 verbose cwd /Users/torbjorn/Documents/Projects/quota/client
17 error Darwin 16.0.0
18 error argv "/Users/torbjorn/.nvm/versions/node/v6.9.4/bin/node" "/Users/torbjorn/.nvm/versions/node/v6.9.4/bin/npm" "start"
19 error node v6.9.4
20 error npm  v3.10.10
21 error code ELIFECYCLE
22 error widgets-hello-world@1.0.0 start: `node start.js --open --dir public --serve application.js -- -p browserify-hmr`
22 error Exit status 1
23 error Failed at the widgets-hello-world@1.0.0 start script 'node start.js --open --dir public --serve application.js -- -p browserify-hmr'.
23 error Make sure you have the latest version of node.js and npm installed.
23 error If you do, this is most likely a problem with the widgets-hello-world package,
23 error not with npm itself.
23 error Tell the author that this fails on your system:
23 error     node start.js --open --dir public --serve application.js -- -p browserify-hmr
23 error You can get information on how to open an issue for this project with:
23 error     npm bugs widgets-hello-world
23 error Or if that isn't available, you can get their info via:
23 error     npm owner ls widgets-hello-world
23 error There is likely additional logging output above.
24 verbose exit [ 1, true ]
