0 info it worked if it ends with ok
1 verbose cli [ '/home/neslo/.nvm/versions/node/v7.3.0/bin/node',
1 verbose cli   '/home/neslo/.nvm/versions/node/v7.3.0/bin/npm',
1 verbose cli   'run',
1 verbose cli   'server' ]
2 info using npm@3.10.10
3 info using node@v7.3.0
4 verbose run-script [ 'preserver', 'server', 'postserver' ]
5 info lifecycle widgets-hello-world@1.0.0~preserver: widgets-hello-world@1.0.0
6 silly lifecycle widgets-hello-world@1.0.0~preserver: no script for preserver, continuing
7 info lifecycle widgets-hello-world@1.0.0~server: widgets-hello-world@1.0.0
8 verbose lifecycle widgets-hello-world@1.0.0~server: unsafe-perm in lifecycle true
9 verbose lifecycle widgets-hello-world@1.0.0~server: PATH: /home/neslo/.nvm/versions/node/v7.3.0/lib/node_modules/npm/bin/node-gyp-bin:/home/neslo/projects/quota/node_modules/.bin:/home/neslo/.rvm/gems/ruby-2.3.1/bin:/home/neslo/.rvm/gems/ruby-2.3.1@global/bin:/home/neslo/.rvm/rubies/ruby-2.3.1/bin:/home/neslo/.nvm/versions/node/v7.3.0/bin:/home/neslo/bin:/home/neslo/.local/bin:/usr/local/sbin:/usr/local/bin:/usr/sbin:/usr/bin:/sbin:/bin:/usr/games:/usr/local/games:/snap/bin:/home/neslo/.rvm/bin
10 verbose lifecycle widgets-hello-world@1.0.0~server: CWD: /home/neslo/projects/quota
11 silly lifecycle widgets-hello-world@1.0.0~server: Args: [ '-c', 'babel-node server/index.js' ]
12 silly lifecycle widgets-hello-world@1.0.0~server: Returned: code: 1  signal: null
13 info lifecycle widgets-hello-world@1.0.0~server: Failed to exec server script
14 verbose stack Error: widgets-hello-world@1.0.0 server: `babel-node server/index.js`
14 verbose stack Exit status 1
14 verbose stack     at EventEmitter.<anonymous> (/home/neslo/.nvm/versions/node/v7.3.0/lib/node_modules/npm/lib/utils/lifecycle.js:255:16)
14 verbose stack     at emitTwo (events.js:106:13)
14 verbose stack     at EventEmitter.emit (events.js:191:7)
14 verbose stack     at ChildProcess.<anonymous> (/home/neslo/.nvm/versions/node/v7.3.0/lib/node_modules/npm/lib/utils/spawn.js:40:14)
14 verbose stack     at emitTwo (events.js:106:13)
14 verbose stack     at ChildProcess.emit (events.js:191:7)
14 verbose stack     at maybeClose (internal/child_process.js:885:16)
14 verbose stack     at Process.ChildProcess._handle.onexit (internal/child_process.js:226:5)
15 verbose pkgid widgets-hello-world@1.0.0
16 verbose cwd /home/neslo/projects/quota
17 error Linux 4.4.0-59-generic
18 error argv "/home/neslo/.nvm/versions/node/v7.3.0/bin/node" "/home/neslo/.nvm/versions/node/v7.3.0/bin/npm" "run" "server"
19 error node v7.3.0
20 error npm  v3.10.10
21 error code ELIFECYCLE
22 error widgets-hello-world@1.0.0 server: `babel-node server/index.js`
22 error Exit status 1
23 error Failed at the widgets-hello-world@1.0.0 server script 'babel-node server/index.js'.
23 error Make sure you have the latest version of node.js and npm installed.
23 error If you do, this is most likely a problem with the widgets-hello-world package,
23 error not with npm itself.
23 error Tell the author that this fails on your system:
23 error     babel-node server/index.js
23 error You can get information on how to open an issue for this project with:
23 error     npm bugs widgets-hello-world
23 error Or if that isn't available, you can get their info via:
23 error     npm owner ls widgets-hello-world
23 error There is likely additional logging output above.
24 verbose exit [ 1, true ]
